<?xml version="1.0" encoding="UTF-8"?>
<!-- Generated by org.testng.reporters.JUnitReportReporter -->
<testsuite hostname="DESKTOP-LME0D7I" failures="0" tests="3" name="com.cognixia.training.MavenTestNGSelenium.tests.GoogleFromFile" time="47.791" errors="0" timestamp="2021-06-17T10:09:19 IST" skipped="0">
  <testcase classname="com.cognixia.training.MavenTestNGSelenium.tests.GoogleFromFile" name="test" time="15.748"/>
  <system-out/>
  <testcase classname="com.cognixia.training.MavenTestNGSelenium.tests.GoogleFromFile" name="test" time="14.340"/>
  <system-out/>
  <testcase classname="com.cognixia.training.MavenTestNGSelenium.tests.GoogleFromFile" name="test" time="17.703"/>
  <system-out/>
</testsuite> <!-- com.cognixia.training.MavenTestNGSelenium.tests.GoogleFromFile -->
