<?xml version="1.0" encoding="UTF-8"?>
<!-- Generated by org.testng.reporters.JUnitReportReporter -->
<testsuite hostname="DESKTOP-LME0D7I" failures="0" tests="6" name="com.cognixia.training.MavenTestNGSelenium.tests.Assignment2_Slider" time="25.801" errors="0" timestamp="2021-06-16T23:05:28 IST" skipped="0">
  <testcase classname="com.cognixia.training.MavenTestNGSelenium.tests.Assignment2_Slider" name="testC" time="1.637"/>
  <system-out/>
  <testcase classname="com.cognixia.training.MavenTestNGSelenium.tests.Assignment2_Slider" name="testD" time="0.197"/>
  <system-out/>
  <testcase classname="com.cognixia.training.MavenTestNGSelenium.tests.Assignment2_Slider" name="testA" time="18.734"/>
  <system-out/>
  <testcase classname="com.cognixia.training.MavenTestNGSelenium.tests.Assignment2_Slider" name="testB" time="0.100"/>
  <system-out/>
  <testcase classname="com.cognixia.training.MavenTestNGSelenium.tests.Assignment2_Slider" name="testF" time="1.833"/>
  <system-out/>
  <testcase classname="com.cognixia.training.MavenTestNGSelenium.tests.Assignment2_Slider" name="testE" time="3.300"/>
  <system-out/>
</testsuite> <!-- com.cognixia.training.MavenTestNGSelenium.tests.Assignment2_Slider -->
