<?xml version="1.0" encoding="UTF-8"?>
<!-- Generated by org.testng.reporters.JUnitReportReporter -->
<testsuite hostname="DESKTOP-LME0D7I" failures="0" tests="5" name="com.cognixia.training.MavenTestNGSelenium.tests.TestNGDataDrive" time="0.037" errors="0" timestamp="2021-06-16T14:53:26 IST" skipped="0">
  <testcase classname="com.cognixia.training.MavenTestNGSelenium.tests.TestNGDataDrive" name="myTest" time="0.011"/>
  <system-out/>
  <testcase classname="com.cognixia.training.MavenTestNGSelenium.tests.TestNGDataDrive" name="myTest" time="0.003"/>
  <system-out/>
  <testcase classname="com.cognixia.training.MavenTestNGSelenium.tests.TestNGDataDrive" name="myTest" time="0.001"/>
  <system-out/>
  <testcase classname="com.cognixia.training.MavenTestNGSelenium.tests.TestNGDataDrive" name="myTest" time="0.002"/>
  <system-out/>
  <testcase classname="com.cognixia.training.MavenTestNGSelenium.tests.TestNGDataDrive" name="myTest" time="0.020"/>
  <system-out/>
</testsuite> <!-- com.cognixia.training.MavenTestNGSelenium.tests.TestNGDataDrive -->
