<?xml version="1.0" encoding="UTF-8"?>
<!-- Generated by org.testng.reporters.JUnitReportReporter -->
<testsuite hostname="DESKTOP-LME0D7I" failures="0" tests="2" name="com.cognixia.training.MavenTestNGSelenium.tests.TestNGExample" time="0.026" errors="0" timestamp="2021-06-16T10:10:25 IST" skipped="0">
  <testcase classname="com.cognixia.training.MavenTestNGSelenium.tests.TestNGExample" name="testFirst" time="0.023"/>
  <system-out/>
  <testcase classname="com.cognixia.training.MavenTestNGSelenium.tests.TestNGExample" name="testSecond" time="0.003"/>
  <system-out/>
</testsuite> <!-- com.cognixia.training.MavenTestNGSelenium.tests.TestNGExample -->
